  pch.cpp
  CommandQueue.cpp
  ConstantBuffer.cpp
  DepthStencilBuffer.cpp
  Device.cpp
  Engine.cpp
C:\Users\user\Desktop\github\DirectX12\Game\Engine\Material.h(15,65): warning C4244: '=': 'float'에서 '_Ty'(으)로 변환하면서 데이터가 손실될 수 있습니다.
          with
          [
              _Ty=int32
          ]
  EnginePch.cpp
  Input.cpp
  Material.cpp
C:\Users\user\Desktop\github\DirectX12\Game\Engine\Material.h(15,65): warning C4244: '=': 'float'에서 '_Ty'(으)로 변환하면서 데이터가 손실될 수 있습니다.
          with
          [
              _Ty=int32
          ]
  Mesh.cpp
C:\Users\user\Desktop\github\DirectX12\Game\Engine\Material.h(15,65): warning C4244: '=': 'float'에서 '_Ty'(으)로 변환하면서 데이터가 손실될 수 있습니다.
          with
          [
              _Ty=int32
          ]
  RootSignature.cpp
  Shader.cpp
  SwapChain.cpp
  TableDescriptorHeap.cpp
  Texture.cpp
  Timer.cpp
  코드를 생성하고 있습니다...
  Engine.vcxproj -> C:\Users\user\Desktop\github\DirectX12\Game\Output\Engine.lib
