c:\users\yongh\onedrive\바탕 화면\dx12\depth stencil view_소스코드\engine\x64\debug\engine.pch
c:\users\yongh\onedrive\바탕 화면\dx12\depth stencil view_소스코드\engine\x64\debug\engine.pdb
c:\users\yongh\onedrive\바탕 화면\dx12\depth stencil view_소스코드\engine\x64\debug\engine.idb
c:\users\yongh\onedrive\바탕 화면\dx12\depth stencil view_소스코드\engine\x64\debug\pch.obj
c:\users\yongh\onedrive\바탕 화면\dx12\depth stencil view_소스코드\engine\x64\debug\timer.obj
c:\users\yongh\onedrive\바탕 화면\dx12\depth stencil view_소스코드\engine\x64\debug\texture.obj
c:\users\yongh\onedrive\바탕 화면\dx12\depth stencil view_소스코드\engine\x64\debug\tabledescriptorheap.obj
c:\users\yongh\onedrive\바탕 화면\dx12\depth stencil view_소스코드\engine\x64\debug\swapchain.obj
c:\users\yongh\onedrive\바탕 화면\dx12\depth stencil view_소스코드\engine\x64\debug\shader.obj
c:\users\yongh\onedrive\바탕 화면\dx12\depth stencil view_소스코드\engine\x64\debug\rootsignature.obj
c:\users\yongh\onedrive\바탕 화면\dx12\depth stencil view_소스코드\engine\x64\debug\mesh.obj
c:\users\yongh\onedrive\바탕 화면\dx12\depth stencil view_소스코드\engine\x64\debug\input.obj
c:\users\yongh\onedrive\바탕 화면\dx12\depth stencil view_소스코드\engine\x64\debug\enginepch.obj
c:\users\yongh\onedrive\바탕 화면\dx12\depth stencil view_소스코드\engine\x64\debug\engine.obj
c:\users\yongh\onedrive\바탕 화면\dx12\depth stencil view_소스코드\engine\x64\debug\device.obj
c:\users\yongh\onedrive\바탕 화면\dx12\depth stencil view_소스코드\engine\x64\debug\depthstencilbuffer.obj
c:\users\yongh\onedrive\바탕 화면\dx12\depth stencil view_소스코드\engine\x64\debug\constantbuffer.obj
c:\users\yongh\onedrive\바탕 화면\dx12\depth stencil view_소스코드\engine\x64\debug\commandqueue.obj
c:\users\yongh\onedrive\바탕 화면\dx12\depth stencil view_소스코드\output\engine.lib
c:\users\yongh\onedrive\바탕 화면\directx12\game\engine\x64\debug\commandqueue.obj
c:\users\yongh\onedrive\바탕 화면\directx12\game\engine\x64\debug\constantbuffer.obj
c:\users\yongh\onedrive\바탕 화면\directx12\game\engine\x64\debug\depthstencilbuffer.obj
c:\users\yongh\onedrive\바탕 화면\directx12\game\engine\x64\debug\device.obj
c:\users\yongh\onedrive\바탕 화면\directx12\game\engine\x64\debug\engine.obj
c:\users\yongh\onedrive\바탕 화면\directx12\game\engine\x64\debug\enginepch.obj
c:\users\yongh\onedrive\바탕 화면\directx12\game\engine\x64\debug\input.obj
c:\users\yongh\onedrive\바탕 화면\directx12\game\engine\x64\debug\mesh.obj
c:\users\yongh\onedrive\바탕 화면\directx12\game\engine\x64\debug\pch.obj
c:\users\yongh\onedrive\바탕 화면\directx12\game\engine\x64\debug\rootsignature.obj
c:\users\yongh\onedrive\바탕 화면\directx12\game\engine\x64\debug\shader.obj
c:\users\yongh\onedrive\바탕 화면\directx12\game\engine\x64\debug\swapchain.obj
c:\users\yongh\onedrive\바탕 화면\directx12\game\engine\x64\debug\tabledescriptorheap.obj
c:\users\yongh\onedrive\바탕 화면\directx12\game\engine\x64\debug\texture.obj
c:\users\yongh\onedrive\바탕 화면\directx12\game\engine\x64\debug\timer.obj
c:\users\yongh\onedrive\바탕 화면\directx12\game\engine\x64\debug\engine.pch
c:\users\yongh\onedrive\바탕 화면\directx12\game\engine\x64\debug\engine.idb
c:\users\yongh\onedrive\바탕 화면\directx12\game\engine\x64\debug\engine.pdb
c:\users\yongh\onedrive\바탕 화면\directx12\game\output\engine.pdb
c:\users\yongh\onedrive\바탕 화면\directx12\game\output\engine.lib
c:\users\yongh\onedrive\바탕 화면\directx12\game\engine\x64\debug\engine.tlog\cl.command.1.tlog
c:\users\yongh\onedrive\바탕 화면\directx12\game\engine\x64\debug\engine.tlog\cl.read.1.tlog
c:\users\yongh\onedrive\바탕 화면\directx12\game\engine\x64\debug\engine.tlog\cl.write.1.tlog
c:\users\yongh\onedrive\바탕 화면\directx12\game\engine\x64\debug\engine.tlog\lib-link.read.1.tlog
c:\users\yongh\onedrive\바탕 화면\directx12\game\engine\x64\debug\engine.tlog\lib-link.write.1.tlog
c:\users\yongh\onedrive\바탕 화면\directx12\game\engine\x64\debug\engine.tlog\lib.command.1.tlog
